<?xml version="1.0" encoding="utf-8"?><testsuites name="pytest tests"><testsuite name="pytest" errors="0" failures="0" skipped="0" tests="15" time="7.653" timestamp="2026-08-17T14:27:08.664350+00:00" hostname="agent-env-2b51a4d9-44e2-4a94-9308-d4c097db2522"><testcase classname="backend.tests.test_phase2.TestAssistant" name="test_suggestions_returns_four_chips" time="0.649" /><testcase classname="backend.tests.test_phase2.TestAssistant" name="test_chat_returns_non_empty_answer" time="0.511" /><testcase classname="backend.tests.test_phase2.TestAssistant" name="test_chat_requires_auth" time="0.185" /><testcase classname="backend.tests.test_phase2.TestSequences" name="test_full_sequence_lifecycle" time="1.959" /><testcase classname="backend.tests.test_phase2.TestSequences" name="test_create_sequence_bad_deal" time="0.076" /><testcase classname="backend.tests.test_phase2.TestSearchPagination" name="test_deals_pagination_shape" time="0.079" /><testcase classname="backend.tests.test_phase2.TestSearchPagination" name="test_deals_empty_search" time="0.083" /><testcase classname="backend.tests.test_phase2.TestSearchPagination" name="test_contacts_pagination_shape" time="0.084" /><testcase classname="backend.tests.test_phase2.TestSearchPagination" name="test_contacts_search" time="0.153" /><testcase classname="backend.tests.test_phase2.TestRazorpay" name="test_create_order_returns_expected_fields" time="0.941" /><testcase classname="backend.tests.test_phase2.TestRazorpay" name="test_create_order_annual_discounted" time="0.848" /><testcase classname="backend.tests.test_phase2.TestRazorpay" name="test_verify_invalid_signature_returns_400" time="1.033" /><testcase classname="backend.tests.test_phase2.TestRazorpay" name="test_upgrade_paid_plan_requires_checkout" time="0.077" /><testcase classname="backend.tests.test_phase2.TestRazorpay" name="test_upgrade_free_succeeds" time="0.305" /><testcase classname="backend.tests.test_phase2.TestRazorpay" name="test_viewer_cannot_create_order" time="0.582" /></testsuite></testsuites>