<?xml version="1.0" encoding="utf-8"?><testsuites name="pytest tests"><testsuite name="pytest" errors="0" failures="1" skipped="0" tests="22" time="6.806" timestamp="2026-08-17T13:23:45.940510+00:00" hostname="agent-env-2b51a4d9-44e2-4a94-9308-d4c097db2522"><testcase classname="backend.tests.backend_test" name="test_health" time="0.433" /><testcase classname="backend.tests.backend_test.TestAuth" name="test_login_success_sets_cookies" time="0.445" /><testcase classname="backend.tests.backend_test.TestAuth" name="test_me" time="0.416" /><testcase classname="backend.tests.backend_test.TestAuth" name="test_me_unauth" time="0.145" /><testcase classname="backend.tests.backend_test.TestAuth" name="test_bcrypt_hash_format" time="0.081" /><testcase classname="backend.tests.backend_test.TestTenantIsolation" name="test_register_new_workspace_is_empty" time="0.401"><failure message="AssertionError: assert 'test_4201190d@example.com' == 'TEST_4201190d@example.com'&#10;  &#10;  - TEST_4201190d@example.com&#10;  ? ^^^^&#10;  + test_4201190d@example.com&#10;  ? ^^^^">backend/tests/backend_test.py:95: in test_register_new_workspace_is_empty
    assert data["email"] == unique
E   AssertionError: assert 'test_4201190d@example.com' == 'TEST_4201190d@example.com'
E     
E     - TEST_4201190d@example.com
E     ? ^^^^
E     + test_4201190d@example.com
E     ? ^^^^</failure></testcase><testcase classname="backend.tests.backend_test.TestTenantIsolation" name="test_org_A_deal_not_visible_to_org_B" time="0.603" /><testcase classname="backend.tests.backend_test.TestDashboard" name="test_stats_shape" time="0.064" /><testcase classname="backend.tests.backend_test.TestDeals" name="test_list" time="0.062" /><testcase classname="backend.tests.backend_test.TestDeals" name="test_create_update_delete" time="0.317" /><testcase classname="backend.tests.backend_test.TestDeals" name="test_at_risk_list" time="0.066" /><testcase classname="backend.tests.backend_test.TestDeals" name="test_explain_uses_groq" time="0.692" /><testcase classname="backend.tests.backend_test.TestContacts" name="test_crud" time="0.195" /><testcase classname="backend.tests.backend_test.TestAI" name="test_email_draft" time="0.625" /><testcase classname="backend.tests.backend_test.TestAI" name="test_email_send_stub" time="0.379" /><testcase classname="backend.tests.backend_test.TestAI" name="test_insights_generate_and_list" time="0.576" /><testcase classname="backend.tests.backend_test.TestTeam" name="test_members_list" time="0.076" /><testcase classname="backend.tests.backend_test.TestTeam" name="test_owner_can_invite_change_remove" time="0.461" /><testcase classname="backend.tests.backend_test.TestTeam" name="test_viewer_cannot_invite" time="0.430" /><testcase classname="backend.tests.backend_test.TestBilling" name="test_plans" time="0.066" /><testcase classname="backend.tests.backend_test.TestBilling" name="test_usage" time="0.062" /><testcase classname="backend.tests.backend_test.TestBilling" name="test_upgrade_stub" time="0.061" /></testsuite></testsuites>