<?xml version="1.0" encoding="utf-8"?><testsuites name="pytest tests"><testsuite name="pytest" errors="0" failures="2" skipped="0" tests="22" time="6.356" timestamp="2026-08-17T14:27:23.767591+00:00" hostname="agent-env-2b51a4d9-44e2-4a94-9308-d4c097db2522"><testcase classname="backend.tests.backend_test" name="test_health" time="0.280" /><testcase classname="backend.tests.backend_test.TestAuth" name="test_login_success_sets_cookies" time="0.379" /><testcase classname="backend.tests.backend_test.TestAuth" name="test_me" time="0.417" /><testcase classname="backend.tests.backend_test.TestAuth" name="test_me_unauth" time="0.157" /><testcase classname="backend.tests.backend_test.TestAuth" name="test_bcrypt_hash_format" time="0.067" /><testcase classname="backend.tests.backend_test.TestTenantIsolation" name="test_register_new_workspace_is_empty" time="0.538" /><testcase classname="backend.tests.backend_test.TestTenantIsolation" name="test_org_A_deal_not_visible_to_org_B" time="0.699" /><testcase classname="backend.tests.backend_test.TestDashboard" name="test_stats_shape" time="0.063" /><testcase classname="backend.tests.backend_test.TestDeals" name="test_list" time="0.079" /><testcase classname="backend.tests.backend_test.TestDeals" name="test_create_update_delete" time="0.366" /><testcase classname="backend.tests.backend_test.TestDeals" name="test_at_risk_list" time="0.079" /><testcase classname="backend.tests.backend_test.TestDeals" name="test_explain_uses_groq" time="0.405" /><testcase classname="backend.tests.backend_test.TestContacts" name="test_crud" time="0.220" /><testcase classname="backend.tests.backend_test.TestAI" name="test_email_draft" time="0.629" /><testcase classname="backend.tests.backend_test.TestAI" name="test_email_send_stub" time="0.087"><failure message="assert 404 == 200&#10; +  where 404 = &lt;Response [404]&gt;.status_code">backend/tests/backend_test.py:225: in test_email_send_stub
    assert r.status_code == 200
E   assert 404 == 200
E    +  where 404 = &lt;Response [404]&gt;.status_code</failure></testcase><testcase classname="backend.tests.backend_test.TestAI" name="test_insights_generate_and_list" time="0.563" /><testcase classname="backend.tests.backend_test.TestTeam" name="test_members_list" time="0.059" /><testcase classname="backend.tests.backend_test.TestTeam" name="test_owner_can_invite_change_remove" time="0.426" /><testcase classname="backend.tests.backend_test.TestTeam" name="test_viewer_cannot_invite" time="0.491" /><testcase classname="backend.tests.backend_test.TestBilling" name="test_plans" time="0.059" /><testcase classname="backend.tests.backend_test.TestBilling" name="test_usage" time="0.074" /><testcase classname="backend.tests.backend_test.TestBilling" name="test_upgrade_stub" time="0.090"><failure message="assert 400 == 200&#10; +  where 400 = &lt;Response [400]&gt;.status_code">backend/tests/backend_test.py:283: in test_upgrade_stub
    assert r.status_code == 200
E   assert 400 == 200
E    +  where 400 = &lt;Response [400]&gt;.status_code</failure></testcase></testsuite></testsuites>